<?xml version="1.0" encoding="UTF-8"?>
<!-- Generated by org.testng.reporters.JUnitReportReporter -->
<testsuite hostname="ADMINISTRATOR" failures="0" tests="1" name="org.mma.mercury.tours.demo.MercuryToursFlightBooking" time="1.018" errors="0" timestamp="2023-08-29T22:28:57 EDT" skipped="0">
  <testcase classname="org.mma.mercury.tours.demo.MercuryToursFlightBooking" name="userRegisterTest" time="1.018"/>
</testsuite> <!-- org.mma.mercury.tours.demo.MercuryToursFlightBooking -->
