<?xml version="1.0" encoding="UTF-8"?>
<!-- Generated by org.testng.reporters.JUnitReportReporter -->
<testsuite skipped="0" hostname="ADMINISTRATOR" name="org.mma.mercury.tours.regression.suite.MercuryToursRegressionSuite" tests="8" failures="0" timestamp="2023-03-18T12:18:01 EDT" time="142.106" errors="0">
  <testcase name="userLogin" time="2.017" classname="org.mma.mercury.tours.regression.suite.MercuryToursRegressionSuite"/>
  <system-out/>
  <testcase name="userLogin" time="2.028" classname="org.mma.mercury.tours.regression.suite.MercuryToursRegressionSuite"/>
  <system-out/>
  <testcase name="userLogin" time="2.025" classname="org.mma.mercury.tours.regression.suite.MercuryToursRegressionSuite"/>
  <system-out/>
  <testcase name="userLogin" time="11.579" classname="org.mma.mercury.tours.regression.suite.MercuryToursRegressionSuite"/>
  <system-out/>
  <testcase name="userRegistration" time="31.034" classname="org.mma.mercury.tours.regression.suite.MercuryToursRegressionSuite"/>
  <system-out/>
  <testcase name="userRegistration" time="31.414" classname="org.mma.mercury.tours.regression.suite.MercuryToursRegressionSuite"/>
  <system-out/>
  <testcase name="userRegistration" time="31.084" classname="org.mma.mercury.tours.regression.suite.MercuryToursRegressionSuite"/>
  <system-out/>
  <testcase name="userRegistration" time="30.925" classname="org.mma.mercury.tours.regression.suite.MercuryToursRegressionSuite"/>
  <system-out/>
</testsuite> <!-- org.mma.mercury.tours.regression.suite.MercuryToursRegressionSuite -->
